<?xml version="1.0" encoding="UTF-8"?>
<robot generator="Robot 5.0 (Python 3.8.3 on darwin)" generated="20220508 00:45:12.306" rpa="false" schemaversion="3">
<suite id="s1" name="Test Case 01 variables keyword" source="/Users/amit.saxena/PycharmProjects/RobotFramework/Robot_Framework_UI/test/Test_Case_01_variables_keyword.robot">
<test id="s1-t1" name="Google" line="16">
<kw name="Launch Brower and enter google url and closer Browser">
<kw name="Open Browser" library="SeleniumLibrary">
<arg>${google_url}</arg>
<arg>${browser}</arg>
<doc>Opens a new browser instance to the optional ``url``.</doc>
<msg timestamp="20220508 00:45:12.495" level="INFO">Opening browser 'Safari' to base url 'https://www.google.com/'.</msg>
<status status="PASS" starttime="20220508 00:45:12.494" endtime="20220508 00:45:16.089"/>
</kw>
<kw name="Maximize Browser Window" library="SeleniumLibrary">
<doc>Maximizes current browser window.</doc>
<status status="PASS" starttime="20220508 00:45:16.089" endtime="20220508 00:45:16.190"/>
</kw>
<kw name="Sleep" library="BuiltIn">
<arg>1</arg>
<doc>Pauses the test executed for the given time.</doc>
<msg timestamp="20220508 00:45:17.193" level="INFO">Slept 1 second</msg>
<status status="PASS" starttime="20220508 00:45:16.191" endtime="20220508 00:45:17.193"/>
</kw>
<kw name="Get Browser Ids" library="SeleniumLibrary">
<var>${get_browser_ids}</var>
<doc>Returns index of all active browser as list.</doc>
<msg timestamp="20220508 00:45:17.194" level="INFO">${get_browser_ids} = [1]</msg>
<status status="PASS" starttime="20220508 00:45:17.194" endtime="20220508 00:45:17.195"/>
</kw>
<kw name="Log To Console" library="BuiltIn">
<arg>${get_browser_ids}</arg>
<doc>Logs the given message to the console.</doc>
<status status="PASS" starttime="20220508 00:45:17.195" endtime="20220508 00:45:17.196"/>
</kw>
<kw name="Close Browser" library="SeleniumLibrary">
<doc>Closes the current browser.</doc>
<status status="PASS" starttime="20220508 00:45:17.196" endtime="20220508 00:45:17.954"/>
</kw>
<status status="PASS" starttime="20220508 00:45:12.494" endtime="20220508 00:45:17.954"/>
</kw>
<status status="PASS" starttime="20220508 00:45:12.493" endtime="20220508 00:45:17.955"/>
</test>
<status status="PASS" starttime="20220508 00:45:12.309" endtime="20220508 00:45:17.956"/>
</suite>
<statistics>
<total>
<stat pass="1" fail="0" skip="0">All Tests</stat>
</total>
<tag>
</tag>
<suite>
<stat pass="1" fail="0" skip="0" id="s1" name="Test Case 01 variables keyword">Test Case 01 variables keyword</stat>
</suite>
</statistics>
<errors>
</errors>
</robot>
